-W- Testcase does not have any requirements
-I- Testcase does not have any requirements
 ========================== WARRIOR FRAMEWORK DETAILS ========================== 
-I- The Warrior framework used is /home/khusain/WAR-210/warriorframework
-I- The Warrior framework Release is Ninja
-I- The Warrior framework version is warrior-3.2.0
 ========================== WARRIOR FRAMEWORK DETAILS ========================== 
-I- 
===============================  TC-DETAILS  ==================================================
-I- Title: onError abort as failure
-I- Results directory: /home/khusain/WAR-210/warriorframework/warrior/Warriorspace/Execution/pj_cli_full_17-08-01_14-26-42-393399/connect/connect_abort_as_error/Results
-I- Logs directory: /home/khusain/WAR-210/warriorframework/warrior/Warriorspace/Execution/pj_cli_full_17-08-01_14-26-42-393399/connect/connect_abort_as_error/Logs
-I- Defects directory: /home/khusain/WAR-210/warriorframework/warrior/Warriorspace/Execution/pj_cli_full_17-08-01_14-26-42-393399/connect/connect_abort_as_error/Defects
-I- Datafile: /home/khusain/WAR-210/warriorframework/warrior_fnc_tests/warrior_tests/data/cli_tests/connect_ssh_Data.xml
-W- Testcase does not have any requirements
-I- Testcase does not have any requirements
-I- ================================================================================================
-I- CUSTOM sequential_keywords
-I- 
********************* Keyword: connect *********************

-I- step number: 1
-I- Teststep Description: connect
-I- [2017-08-01 14:27:31] Keyword execution starts
-E- unexpected error: Traceback (most recent call last):
  File "/home/khusain/WAR-210/warriorframework/warrior/WarriorCore/step_driver.py", line 280, in main
    data_repository, system_name, parallel, queue)
  File "/home/khusain/WAR-210/warriorframework/warrior/WarriorCore/step_driver.py", line 163, in execute_step
    data_repository, args_repository)
  File "/home/khusain/WAR-210/warriorframework/warrior/WarriorCore/step_driver.py", line 72, in send_keyword_to_productdriver
    return driver_call.main(keyword, data_repository, args_repository)
  File "/home/khusain/WAR-210/warriorframework/warrior/ProductDrivers/cli_driver.py", line 27, in main
    return kw_driver.execute_keyword(keyword, data_repository, args_repository, package_list)
  File "/home/khusain/WAR-210/warriorframework/warrior/WarriorCore/kw_driver.py", line 50, in execute_keyword
    wdesc = Utils.testcase_Utils.get_wdesc_string(method_call)
  File "/home/khusain/WAR-210/warriorframework/warrior/Framework/Utils/testcase_Utils.py", line 154, in get_wdesc_string
    return TCOBJ.get_wdesc_string(function_object)
  File "/home/khusain/WAR-210/warriorframework/warrior/WarriorCore/Classes/testcase_utils_class.py", line 322, in get_wdesc_string
    source = inspect.getsource(function_object)
  File "/usr/lib/python2.7/inspect.py", line 700, in getsource
    lines, lnum = getsourcelines(object)
  File "/usr/lib/python2.7/inspect.py", line 689, in getsourcelines
    lines, lnum = findsource(object)
  File "/usr/lib/python2.7/inspect.py", line 528, in findsource
    raise IOError('source code not available')
IOError: source code not available

-I- failed: failure action= abort_as_error
-D- Updating Testcase result file...
-I- unexpected error: coercing to Unicode: need string or buffer, list found
-E- No Keywords found in resultfile of testcase connect_abort_as_error


-I- [2017-08-01 14:27:31] Testcase execution completed
-I- Testcase duration= 0 hours: 00 min: 04 sec
-I- 
**** Testcase Result ***
-I- TESTCASE:connect_abort_as_error  STATUS:FAIL


-I- =================== END OF TESTCASE ===========================
-I- 

-I- failure action= next
-D- Status of the executed test case does not impact 
-I- 

-I- [2017-08-01 14:27:31] Testsuite execution completed
-I- Testsuite duration= 0 hours: 00 min: 49 sec
-I- 
 ****** TestSuite Result ******
-I- Testsuite:connect  STATUS:FAIL
-I- 
$$$$$$$$$$$$$$$$$$$$$$$$$$$$$$$$$$$$$$$$$$$$$$$$ END OF TEST SUITE $$$$$$$$$$$$$$$$$$$$$$$$$$$$$$$$$$$$$$$$$$$$$$$$$$$$$$$
-I- 

-I- failure action= next
-D- Status of the executed test suite impacts Project result
-I- failure action= next
-I- 

-D- <<<< Starting execution of Test suite: /home/khusain/WAR-210/warriorframework/warrior_fnc_tests/warrior_tests/suites/cli_tests/cli_def_attr.xml>>>>
-I- [2017-08-01 14:27:31] Testsuite execution starts
-I- 

$$$$$$$$$$$$$$$$$$$$$$$$$$$$$$$  TESTSUITE-DETAILS  $$$$$$$$$$$$$$$$$$$$$$$$$$$$$$$$$$$$$$$$$$$$$$$$$$$

-I- Executing testsuite 'cli_def_attr'
-I- Title: cli funct. tests with default params
-I- Results directory: /home/khusain/WAR-210/warriorframework/warrior/Warriorspace/Execution/pj_cli_full_17-08-01_14-26-42-393399/cli_def_attr
-I- Executing testccases sequentially


-D- <<<< Starting execution of Test case: /home/khusain/WAR-210/warriorframework/warrior_fnc_tests/warrior_tests/testcases/cli_tests/def_attr_tc/tc_def_title_no_subsys.xml>>>>
-I- [2017-08-01 14:27:34] Testcase execution starts
