 ========================== WARRIOR FRAMEWORK DETAILS ========================== 
-I- The Warrior framework used is /home/khusain/WAR-210/warriorframework
-I- The Warrior framework Release is Ninja
-I- The Warrior framework version is warrior-3.2.0
 ========================== WARRIOR FRAMEWORK DETAILS ========================== 
-I- 
===============================  TC-DETAILS  ==================================================
-I- Title: Demo_Warrior_Rest_Automation_Capabilities
-I- Results directory: /home/khusain/WAR-210/warriorframework/warrior/Warriorspace/Execution/Demo_Warrior_Rest_Automation_Capabilities_17-08-01_14-48-41-653329/Results
-I- Logs directory: /home/khusain/WAR-210/warriorframework/warrior/Warriorspace/Execution/Demo_Warrior_Rest_Automation_Capabilities_17-08-01_14-48-41-653329/Logs
-I- Defects directory: /home/khusain/WAR-210/warriorframework/warrior/Warriorspace/Execution/Demo_Warrior_Rest_Automation_Capabilities_17-08-01_14-48-41-653329/Defects
-I- Datafile: /home/khusain/WAR-210/warriorframework/warrior/Warriorspace/Data/Demo_Input_Data_Files/Demo_Rest_Datafile.xml
-I- ================================================================================================
-I- CUSTOM SEQUENTIAL_KEYWORDS
-I- 
********************* Keyword: perform_http_post *********************

-I- step number: 1
-I- Teststep Description: This step tests the POST capability of REST
-I- [2017-08-01 14:48:45] Keyword execution starts
-I- Method call is <unbound method RestActions.perform_http_post> 
-I- getting values for mandatory arguments
-I- getting values for optional arguments
-I- executing with default values for optional argument 'files'
-I- executing with default values for optional argument 'password'
-I- executing with default values for optional argument 'stream'
-I- executing with default values for optional argument 'verify'
-I- executing with default values for optional argument 'headers'
-I- executing with default values for optional argument 'cert'
-I- executing with default values for optional argument 'user'
-I- executing with default values for optional argument 'request_id'
-I- executing with default values for optional argument 'variable_config'
-I- executing with default values for optional argument 'proxies'
-I- executing with default values for optional argument 'var_sub'
-I- 
<< Substep >>
-I- Keyword Description: Perform a http post
-I- http_bin_1
-I- url is: http://httpbin.org/post
-I- Sending argument 'files': None
-I- Sending argument 'cookies': {'cookie': 'cookie_name'}
-I- Sending argument 'stream': False
-I- Sending argument 'url': http://httpbin.org/post
-I- Sending argument 'verify': True
-I- Sending argument 'json': {u'postId': 1, u'comments': u'This is a new comment'}
-I- Sending argument 'auth': (False, False)
-I- Sending argument 'headers': None
-I- Sending argument 'cert': None
-I- Sending argument 'expected_response': ['200', '302', '404']
-I- Sending argument 'timeout': (0.5, 0.75)
-I- Sending argument 'allow_redirects': True
-I- Sending argument 'proxies': None
-I- Sending argument 'data': {'body': 'New Comment', 'userId': '1', 'id': '1', 'title': 'Changed Post'}
-I- Perform a http post
-I- http post successful
-I- Total number of requests in this step: 1
-I- This is request number: 1
-D- status: True
-D- api_response: <Response [200]>
-I- api_response (JSON format): 
 {
    "files": {}, 
    "origin": "204.253.82.211", 
    "form": {
        "body": "New Comment", 
        "userId": "1", 
        "id": "1", 
        "title": "Changed Post"
    }, 
    "url": "http://httpbin.org/post", 
    "args": {}, 
    "headers": {
        "Content-Length": "49", 
        "Accept-Encoding": "gzip, deflate", 
        "Host": "httpbin.org", 
        "Accept": "*/*", 
        "User-Agent": "python-requests/2.18.2", 
        "Connection": "close", 
        "Cookie": "cookie=cookie_name", 
        "Content-Type": "application/x-www-form-urlencoded", 
        "Authorization": "Basic RmFsc2U6RmFsc2U="
    }, 
    "json": null, 
    "data": ""
}
-D- api_response_history: []
-I- http post successful
-I- 
<< Substep status >>
-I-  STATUS:PASS
-D- Keyword 'perform_http_post' returned multiplevalues 
-D- Keyword 'perform_http_post' returneda status..
-D- Keyword 'perform_http_post' returned a dictionary.. will update data_repository
-I- 

-I- *** Keyword status ***
-I- KEYWORD:perform_http_post   STATUS:PASS
-I- step number: 1
-D- Status of the executed step  impacts TC result
-I- 

-I- Keyword duration= 0 hours: 00 min: 01 sec
-I- [2017-08-01 14:48:46] Keyword execution completed
-I- 

-I- 
********************* Keyword: perform_http_get *********************

-I- step number: 2
-I- Teststep Description: This step tests the GET capability of REST
-I- [2017-08-01 14:48:46] Keyword execution starts
-I- Method call is <unbound method RestActions.perform_http_get> 
-I- getting values for mandatory arguments
-I- getting values for optional arguments
-I- executing with default values for optional argument 'files'
-I- executing with default values for optional argument 'cookies'
-I- executing with default values for optional argument 'password'
-I- executing with default values for optional argument 'stream'
-I- executing with default values for optional argument 'url'
-I- executing with default values for optional argument 'verify'
-I- executing with default values for optional argument 'json'
-I- executing with default values for optional argument 'headers'
-I- executing with default values for optional argument 'cert'
-I- executing with default values for optional argument 'expected_response'
-I- executing with default values for optional argument 'params'
-I- executing with default values for optional argument 'user'
-I- executing with default values for optional argument 'request_id'
-I- executing with default values for optional argument 'variable_config'
-I- executing with default values for optional argument 'proxies'
-I- executing with default values for optional argument 'allow_redirects'
-I- executing with default values for optional argument 'var_sub'
-I- 
<< Substep >>
-I- Keyword Description: Perform a http get to the url
-I- http_bin_3
-I- url is: http://httpbin.org/get
-I- Sending argument 'files': None
-I- Sending argument 'cookies': None
-I- Sending argument 'stream': False
-I- Sending argument 'url': http://httpbin.org/get
-I- Sending argument 'verify': True
-I- Sending argument 'json': None
-I- Sending argument 'auth': ('Warrior_user3', '536ett')
-I- Sending argument 'headers': None
-I- Sending argument 'cert': None
-I- Sending argument 'expected_response': ['200']
-I- Sending argument 'params': {'key2': 'value2, value3', 'key1': 'value1'}
-I- Sending argument 'timeout': 5.0
-I- Sending argument 'allow_redirects': False
-I- Sending argument 'proxies': None
-I- Perform a http get
-I- http get successful
-I- Total number of requests in this step: 1
-I- This is request number: 1
-D- status: True
-D- api_response: <Response [200]>
-I- api_response (JSON format): 
 {
    "origin": "204.253.82.211", 
    "headers": {
        "Accept-Encoding": "gzip, deflate", 
        "Connection": "close", 
        "Accept": "*/*", 
        "User-Agent": "python-requests/2.18.2", 
        "Host": "httpbin.org", 
        "Authorization": "Basic V2Fycmlvcl91c2VyMzo1MzZldHQ="
    }, 
    "args": {
        "key2": "value2, value3", 
        "key1": "value1"
    }, 
    "url": "http://httpbin.org/get?key2=value2%2C+value3&key1=value1"
}
-D- api_response_history: []
-I- http get successful
-I- 
<< Substep status >>
-I-  STATUS:PASS
-D- Keyword 'perform_http_get' returned multiplevalues 
-D- Keyword 'perform_http_get' returneda status..
-D- Keyword 'perform_http_get' returned a dictionary.. will update data_repository
-I- 

-I- *** Keyword status ***
-I- KEYWORD:perform_http_get   STATUS:PASS
-I- step number: 2
-D- Status of the executed step  impacts TC result
-I- 

-I- Keyword duration= 0 hours: 00 min: 00 sec
-I- [2017-08-01 14:48:46] Keyword execution completed
-I- 

-I- 
********************* Keyword: perform_http_put *********************

-I- step number: 3
-I- Teststep Description: This step tests the PUT capability of REST
-I- [2017-08-01 14:48:46] Keyword execution starts
-I- Method call is <unbound method RestActions.perform_http_put> 
-I- getting values for mandatory arguments
-I- getting values for optional arguments
-I- executing with default values for optional argument 'files'
-I- executing with default values for optional argument 'stream'
-I- executing with default values for optional argument 'verify'
-I- executing with default values for optional argument 'json'
-I- executing with default values for optional argument 'headers'
-I- executing with default values for optional argument 'cert'
-I- executing with default values for optional argument 'timeout'
-I- executing with default values for optional argument 'request_id'
-I- executing with default values for optional argument 'variable_config'
-I- executing with default values for optional argument 'proxies'
-I- executing with default values for optional argument 'data'
-I- executing with default values for optional argument 'allow_redirects'
-I- executing with default values for optional argument 'var_sub'
-I- 
<< Substep >>
-I- Keyword Description: Perform a http put to the url
-I- http_bin_2
-I- url is: http://httpbin.org/put
-I- Sending argument 'files': None
-I- Sending argument 'cookies': {'cookie': 'cookie_name'}
-I- Sending argument 'stream': False
-I- Sending argument 'url': http://httpbin.org/put
-I- Sending argument 'verify': True
-I- Sending argument 'json': None
-I- Sending argument 'auth': ('Warrior_user1', '536ett')
-I- Sending argument 'headers': None
-I- Sending argument 'cert': None
-I- Sending argument 'expected_response': ['200']
-I- Sending argument 'timeout': None
-I- Sending argument 'allow_redirects': False
-I- Sending argument 'proxies': None
-I- Sending argument 'data': None
-I- Perform a http put
-I- http put successful
-I- Total number of requests in this step: 1
-I- This is request number: 1
-D- status: True
-D- api_response: <Response [200]>
-I- api_response (JSON format): 
 {
    "files": {}, 
    "origin": "204.253.82.211", 
    "form": {}, 
    "url": "http://httpbin.org/put", 
    "args": {}, 
    "headers": {
        "Content-Length": "0", 
        "Accept-Encoding": "gzip, deflate", 
        "Host": "httpbin.org", 
        "Accept": "*/*", 
        "User-Agent": "python-requests/2.18.2", 
        "Connection": "close", 
        "Cookie": "cookie=cookie_name", 
        "Authorization": "Basic V2Fycmlvcl91c2VyMTo1MzZldHQ="
    }, 
    "json": null, 
    "data": ""
}
-D- api_response_history: []
-I- http put successful
-I- 
<< Substep status >>
-I-  STATUS:PASS
-D- Keyword 'perform_http_put' returned multiplevalues 
-D- Keyword 'perform_http_put' returneda status..
-D- Keyword 'perform_http_put' returned a dictionary.. will update data_repository
-I- 

-I- *** Keyword status ***
-I- KEYWORD:perform_http_put   STATUS:PASS
-I- step number: 3
-D- Status of the executed step  impacts TC result
-I- 

-I- Keyword duration= 0 hours: 00 min: 00 sec
-I- [2017-08-01 14:48:46] Keyword execution completed
-I- 

-I- 
********************* Keyword: perform_http_delete *********************

-I- step number: 4
-I- Teststep Description: This step tests the DELETE capability of REST
-I- [2017-08-01 14:48:46] Keyword execution starts
-I- Method call is <unbound method RestActions.perform_http_delete> 
-I- getting values for mandatory arguments
-I- getting values for optional arguments
-I- executing with default values for optional argument 'files'
-I- executing with default values for optional argument 'stream'
-I- executing with default values for optional argument 'verify'
-I- executing with default values for optional argument 'json'
-I- executing with default values for optional argument 'headers'
-I- executing with default values for optional argument 'cert'
-I- executing with default values for optional argument 'request_id'
-I- executing with default values for optional argument 'variable_config'
-I- executing with default values for optional argument 'proxies'
-I- executing with default values for optional argument 'data'
-I- executing with default values for optional argument 'allow_redirects'
-I- executing with default values for optional argument 'var_sub'
-I- 
<< Substep >>
-I- Keyword Description: Perform a http delete to the url
-I- http_bin_2
-I- url is: http://httpbin.org/delete
-I- Sending argument 'files': None
-I- Sending argument 'cookies': {'cookie': 'cookie_name'}
-I- Sending argument 'stream': False
-I- Sending argument 'url': http://httpbin.org/delete
-I- Sending argument 'verify': True
-I- Sending argument 'json': None
-I- Sending argument 'auth': ('Warrior_user2', 'hjcs212')
-I- Sending argument 'headers': None
-I- Sending argument 'cert': None
-I- Sending argument 'expected_response': None
-I- Sending argument 'timeout': None
-I- Sending argument 'allow_redirects': False
-I- Sending argument 'proxies': None
-I- Sending argument 'data': None
-I- Perform a http delete
-I- http delete successful
-I- Total number of requests in this step: 1
-I- This is request number: 1
-D- status: True
-D- api_response: <Response [200]>
-I- api_response (JSON format): 
 {
    "files": {}, 
    "origin": "204.253.82.211", 
    "form": {}, 
    "url": "http://httpbin.org/delete", 
    "args": {}, 
    "headers": {
        "Content-Length": "0", 
        "Accept-Encoding": "gzip, deflate", 
        "Host": "httpbin.org", 
        "Accept": "*/*", 
        "User-Agent": "python-requests/2.18.2", 
        "Connection": "close", 
        "Cookie": "cookie=cookie_name", 
        "Authorization": "Basic V2Fycmlvcl91c2VyMjpoamNzMjEy"
    }, 
    "json": null, 
    "data": ""
}
-D- api_response_history: []
-I- http delete successful
-I- 
<< Substep status >>
-I-  STATUS:PASS
-D- Keyword 'perform_http_delete' returned multiplevalues 
-D- Keyword 'perform_http_delete' returneda status..
-D- Keyword 'perform_http_delete' returned a dictionary.. will update data_repository
-I- 

-I- *** Keyword status ***
-I- KEYWORD:perform_http_delete   STATUS:PASS
-I- step number: 4
-D- Status of the executed step  impacts TC result
-I- 

-I- Keyword duration= 0 hours: 00 min: 00 sec
-I- [2017-08-01 14:48:46] Keyword execution completed
-I- 

-I- 
********************* Keyword: perform_http_patch *********************

-I- step number: 5
-I- Teststep Description: This step tests the PATCH capability of REST
-I- [2017-08-01 14:48:46] Keyword execution starts
-I- Method call is <unbound method RestActions.perform_http_patch> 
-I- getting values for mandatory arguments
-I- getting values for optional arguments
-I- executing with default values for optional argument 'files'
-I- executing with default values for optional argument 'stream'
-I- executing with default values for optional argument 'verify'
-I- executing with default values for optional argument 'json'
-I- executing with default values for optional argument 'headers'
-I- executing with default values for optional argument 'cert'
-I- executing with default values for optional argument 'request_id'
-I- executing with default values for optional argument 'variable_config'
-I- executing with default values for optional argument 'proxies'
-I- executing with default values for optional argument 'data'
-I- executing with default values for optional argument 'allow_redirects'
-I- executing with default values for optional argument 'var_sub'
-I- 
<< Substep >>
-I- Keyword Description: Perform a http patch to the url
-I- http_bin_2
-I- url is: http://httpbin.org/patch
-I- Sending argument 'files': None
-I- Sending argument 'cookies': {'cookie': 'cookie_name'}
-I- Sending argument 'stream': False
-I- Sending argument 'url': http://httpbin.org/patch
-I- Sending argument 'verify': True
-I- Sending argument 'json': None
-I- Sending argument 'auth': ('Warrior_user2', '536ett')
-I- Sending argument 'headers': None
-I- Sending argument 'cert': None
-I- Sending argument 'expected_response': ['200']
-I- Sending argument 'timeout': (5.0, 7.0)
-I- Sending argument 'allow_redirects': False
-I- Sending argument 'proxies': None
-I- Sending argument 'data': None
-I- Perform a http patch
-I- http patch successful
-I- Total number of requests in this step: 1
-I- This is request number: 1
-D- status: True
-D- api_response: <Response [200]>
-I- api_response (JSON format): 
 {
    "files": {}, 
    "origin": "204.253.82.211", 
    "form": {}, 
    "url": "http://httpbin.org/patch", 
    "args": {}, 
    "headers": {
        "Content-Length": "0", 
        "Accept-Encoding": "gzip, deflate", 
        "Host": "httpbin.org", 
        "Accept": "*/*", 
        "User-Agent": "python-requests/2.18.2", 
        "Connection": "close", 
        "Cookie": "cookie=cookie_name", 
        "Authorization": "Basic V2Fycmlvcl91c2VyMjo1MzZldHQ="
    }, 
    "json": null, 
    "data": ""
}
-D- api_response_history: []
-I- http patch successful
-I- 
<< Substep status >>
-I-  STATUS:PASS
-D- Keyword 'perform_http_patch' returned multiplevalues 
-D- Keyword 'perform_http_patch' returneda status..
-D- Keyword 'perform_http_patch' returned a dictionary.. will update data_repository
-I- 

-I- *** Keyword status ***
-I- KEYWORD:perform_http_patch   STATUS:PASS
-I- step number: 5
-D- Status of the executed step  impacts TC result
-I- 

-I- Keyword duration= 0 hours: 00 min: 01 sec
-I- [2017-08-01 14:48:47] Keyword execution completed
-I- 

-I- 
********************* Keyword: perform_http_head *********************

-I- step number: 6
-I- Teststep Description: This step tests the HEAD capability of REST
-I- [2017-08-01 14:48:47] Keyword execution starts
-I- Method call is <unbound method RestActions.perform_http_head> 
-I- getting values for mandatory arguments
-I- getting values for optional arguments
-I- executing with default values for optional argument 'files'
-I- executing with default values for optional argument 'password'
-I- executing with default values for optional argument 'stream'
-I- executing with default values for optional argument 'verify'
-I- executing with default values for optional argument 'json'
-I- executing with default values for optional argument 'headers'
-I- executing with default values for optional argument 'cert'
-I- executing with default values for optional argument 'expected_response'
-I- executing with default values for optional argument 'user'
-I- executing with default values for optional argument 'request_id'
-I- executing with default values for optional argument 'variable_config'
-I- executing with default values for optional argument 'proxies'
-I- executing with default values for optional argument 'data'
-I- executing with default values for optional argument 'allow_redirects'
-I- executing with default values for optional argument 'var_sub'
-I- 
<< Substep >>
-I- Keyword Description: Perform a http head to the url
-I- http_bin_1
-I- url is: http://httpbin.org/headers
-I- Sending argument 'files': None
-I- Sending argument 'cookies': {'cookie': 'cookie_name'}
-I- Sending argument 'stream': False
-I- Sending argument 'url': http://httpbin.org/headers
-I- Sending argument 'verify': True
-I- Sending argument 'json': None
-I- Sending argument 'auth': (False, False)
-I- Sending argument 'headers': None
-I- Sending argument 'cert': None
-I- Sending argument 'expected_response': False
-I- Sending argument 'timeout': (5.0, 6.0)
-I- Sending argument 'allow_redirects': False
-I- Sending argument 'proxies': None
-I- Sending argument 'data': None
-I- Perform a http head
-I- http head successful
-I- Total number of requests in this step: 1
-I- This is request number: 1
-D- status: True
-D- api_response: <Response [200]>
-I- api_response Text: 
 
-D- api_response_history: []
-I- http head successful
-I- 
<< Substep status >>
-I-  STATUS:PASS
-D- Keyword 'perform_http_head' returned multiplevalues 
-D- Keyword 'perform_http_head' returneda status..
-D- Keyword 'perform_http_head' returned a dictionary.. will update data_repository
-I- 

-I- *** Keyword status ***
-I- KEYWORD:perform_http_head   STATUS:PASS
-I- step number: 6
-D- Status of the executed step  impacts TC result
-I- 

-I- Keyword duration= 0 hours: 00 min: 00 sec
-I- [2017-08-01 14:48:47] Keyword execution completed
-I- 

-I- 
********************* Keyword: perform_http_options *********************

-I- step number: 7
-I- Teststep Description: This step tests the OPTIONS capability of REST
-I- [2017-08-01 14:48:47] Keyword execution starts
-I- Method call is <unbound method RestActions.perform_http_options> 
-I- getting values for mandatory arguments
-I- getting values for optional arguments
-I- executing with default values for optional argument 'files'
-I- executing with default values for optional argument 'password'
-I- executing with default values for optional argument 'stream'
-I- executing with default values for optional argument 'url'
-I- executing with default values for optional argument 'verify'
-I- executing with default values for optional argument 'json'
-I- executing with default values for optional argument 'headers'
-I- executing with default values for optional argument 'cert'
-I- executing with default values for optional argument 'user'
-I- executing with default values for optional argument 'request_id'
-I- executing with default values for optional argument 'variable_config'
-I- executing with default values for optional argument 'proxies'
-I- executing with default values for optional argument 'data'
-I- executing with default values for optional argument 'var_sub'
-I- 
<< Substep >>
-I- Keyword Description: Perform a http options to the url
-I- http_bin_3
-I- url is: http://httpbin.org/get
-I- Sending argument 'files': None
-I- Sending argument 'cookies': {'cookie': 'cookie_name'}
-I- Sending argument 'stream': False
-I- Sending argument 'url': http://httpbin.org/get
-I- Sending argument 'verify': True
-I- Sending argument 'json': None
-I- Sending argument 'auth': ('Warrior_user3', '536ett')
-I- Sending argument 'headers': None
-I- Sending argument 'cert': None
-I- Sending argument 'expected_response': ['200']
-I- Sending argument 'timeout': 5.0
-I- Sending argument 'allow_redirects': False
-I- Sending argument 'proxies': None
-I- Sending argument 'data': None
-I- Perform a http options
-I- http options successful
-I- Total number of requests in this step: 1
-I- This is request number: 1
-D- status: True
-D- api_response: <Response [200]>
-I- api_response Text: 
 
-D- api_response_history: []
-I- http options successful
-I- 
<< Substep status >>
-I-  STATUS:PASS
-D- Keyword 'perform_http_options' returned multiplevalues 
-D- Keyword 'perform_http_options' returneda status..
-D- Keyword 'perform_http_options' returned a dictionary.. will update data_repository
-I- 

-I- *** Keyword status ***
-I- KEYWORD:perform_http_options   STATUS:PASS
-I- step number: 7
-D- Status of the executed step  impacts TC result
-I- 

-I- Keyword duration= 0 hours: 00 min: 00 sec
-I- [2017-08-01 14:48:47] Keyword execution completed
-I- 

-D- Updating Testcase result file...


-I- [2017-08-01 14:48:47] Testcase execution completed
-I- Testcase duration= 0 hours: 00 min: 08 sec
-I- 
**** Testcase Result ***
-I- TESTCASE:Demo_Warrior_Rest_Automation_Capabilities  STATUS:PASS


-I- =================== END OF TESTCASE ===========================
-I- +++++++++++++++++++++++++++++++++++++++++++++++++ Execution Summary +++++++++++++++++++++++++++++++++++++++++++++++++
-I- Type      Name                                              Status    Path                                              
-I- Testcase  Demo_Warrior_Rest_Automation_Capabilities.xml     PASS      /home/khusain/WAR-210/warriorframework/warrior/Warriorspace/Testcases/Demo_Cases/Demo_Warrior_Rest_Automation_Capabilities.xml
-I- +++++++++++++++++++++++++++++++++++++++++++++++++++++++++++++++++++++++++++++++++++++++++++++++++++++++++++++++++++++
-I- 

-I- ++++ Results Summary ++++
-I- Open the Results summary file given below in a browser to view results summary for this execution
-I- Results sumary file: /home/khusain/WAR-210/warriorframework/warrior/Warriorspace/Execution/Demo_Warrior_Rest_Automation_Capabilities_17-08-01_14-48-41-653329/Results/Demo_Warrior_Rest_Automation_Capabilities.html
-I- +++++++++++++++++++++++++
-I- jiraid not provided, will not update jira issue
-D- No smtp host defined in w_settings, no email sent
-I- DONE 0
