 ========================== WARRIOR FRAMEWORK DETAILS ========================== 
-I- The Warrior framework used is /home/khusain/WAR-210/warriorframework
-I- The Warrior framework Release is Ninja
-I- The Warrior framework version is warrior-3.2.0
 ========================== WARRIOR FRAMEWORK DETAILS ========================== 
-I- 
===============================  TC-DETAILS  ==================================================
-I- Title: Demo_Warrior_Rest_Automation_Capabilities
-I- Results directory: /home/khusain/WAR-210/warriorframework/warrior/Warriorspace/Execution/Demo_Warrior_Rest_Automation_Capabilities/Results
-I- Logs directory: /home/khusain/WAR-210/warriorframework/warrior/Warriorspace/Execution/Demo_Warrior_Rest_Automation_Capabilities/Logs
-I- Defects directory: /home/khusain/WAR-210/warriorframework/warrior/Warriorspace/Execution/Demo_Warrior_Rest_Automation_Capabilities/Defects
-I- Datafile: /home/khusain/WAR-210/warriorframework/warrior/Warriorspace/Data/Demo_Input_Data_Files/Demo_Rest_Datafile.xml
-I- ================================================================================================
-I- CUSTOM SEQUENTIAL_KEYWORDS
-I- 
********************* Keyword: perform_http_post *********************

-I- step number: 1
-I- Teststep Description: This step tests the POST capability of REST
-I- [2017-08-01 14:34:53] Keyword execution starts
-I- Method call is <unbound method RestActions.perform_http_post> 
-I- getting values for mandatory arguments
-I- getting values for optional arguments
-I- executing with default values for optional argument 'files'
-I- executing with default values for optional argument 'password'
-I- executing with default values for optional argument 'stream'
-I- executing with default values for optional argument 'verify'
-I- executing with default values for optional argument 'headers'
-I- executing with default values for optional argument 'cert'
-I- executing with default values for optional argument 'user'
-I- executing with default values for optional argument 'request_id'
-I- executing with default values for optional argument 'variable_config'
-I- executing with default values for optional argument 'proxies'
-I- executing with default values for optional argument 'var_sub'
-I- 
<< Substep >>
-I- Keyword Description: Perform a http post
-I- http_bin_1
-I- url is: http://httpbin.org/post
-I- Sending argument 'files': None
-I- Sending argument 'cookies': {'cookie': 'cookie_name'}
-I- Sending argument 'stream': False
-I- Sending argument 'url': http://httpbin.org/post
-I- Sending argument 'verify': True
-I- Sending argument 'json': {u'postId': 1, u'comments': u'This is a new comment'}
-I- Sending argument 'auth': (False, False)
-I- Sending argument 'headers': None
-I- Sending argument 'cert': None
-I- Sending argument 'expected_response': ['200', '302', '404']
-I- Sending argument 'timeout': (0.5, 0.75)
-I- Sending argument 'allow_redirects': True
-I- Sending argument 'proxies': None
-I- Sending argument 'data': {'body': 'New Comment', 'userId': '1', 'id': '1', 'title': 'Changed Post'}
-I- Perform a http post
-E- The server did not send any data in the allotted amount of time.
-I- Total number of requests in this step: 1
-I- This is request number: 1
-D- status: False
-D- api_response: None
-D- api_response_history: None
-I- http post failed
-I- 
<< Substep status >>
-I-  STATUS:WARNING
-D- Keyword 'perform_http_post' returned multiplevalues 
-D- Keyword 'perform_http_post' returneda status..
-D- Keyword 'perform_http_post' returned a dictionary.. will update data_repository
-I- 

-I- *** Keyword status ***
-I- KEYWORD:perform_http_post   STATUS:FAIL
-I- step number: 1
-D- Status of the executed step  impacts TC result
-I- 

-I- Keyword duration= 0 hours: 00 min: 01 sec
-I- [2017-08-01 14:34:54] Keyword execution completed
-I- 

-I- failure action= next
-I- 
********************* Keyword: perform_http_get *********************

-I- step number: 2
-I- Teststep Description: This step tests the GET capability of REST
-I- [2017-08-01 14:34:54] Keyword execution starts
-I- Method call is <unbound method RestActions.perform_http_get> 
-I- getting values for mandatory arguments
-I- getting values for optional arguments
-I- executing with default values for optional argument 'files'
-I- executing with default values for optional argument 'cookies'
-I- executing with default values for optional argument 'password'
-I- executing with default values for optional argument 'stream'
-I- executing with default values for optional argument 'url'
-I- executing with default values for optional argument 'verify'
-I- executing with default values for optional argument 'json'
-I- executing with default values for optional argument 'headers'
-I- executing with default values for optional argument 'cert'
-I- executing with default values for optional argument 'expected_response'
-I- executing with default values for optional argument 'params'
-I- executing with default values for optional argument 'user'
-I- executing with default values for optional argument 'request_id'
-I- executing with default values for optional argument 'variable_config'
-I- executing with default values for optional argument 'proxies'
-I- executing with default values for optional argument 'allow_redirects'
-I- executing with default values for optional argument 'var_sub'
-I- 
<< Substep >>
-I- Keyword Description: Perform a http get to the url
-I- http_bin_3
-I- url is: http://httpbin.org/get
-I- Sending argument 'files': None
-I- Sending argument 'cookies': None
-I- Sending argument 'stream': False
-I- Sending argument 'url': http://httpbin.org/get
-I- Sending argument 'verify': True
-I- Sending argument 'json': None
-I- Sending argument 'auth': ('Warrior_user3', '536ett')
-I- Sending argument 'headers': None
-I- Sending argument 'cert': None
-I- Sending argument 'expected_response': ['200']
-I- Sending argument 'params': {'key2': 'value2, value3', 'key1': 'value1'}
-I- Sending argument 'timeout': 5.0
-I- Sending argument 'allow_redirects': False
-I- Sending argument 'proxies': None
-I- Perform a http get
-I- http get successful
-I- Total number of requests in this step: 1
-I- This is request number: 1
-D- status: True
-D- api_response: <Response [200]>
-I- api_response (JSON format): 
 {
    "origin": "204.253.82.211", 
    "headers": {
        "Accept-Encoding": "gzip, deflate", 
        "Connection": "close", 
        "Accept": "*/*", 
        "User-Agent": "python-requests/2.18.2", 
        "Host": "httpbin.org", 
        "Authorization": "Basic V2Fycmlvcl91c2VyMzo1MzZldHQ="
    }, 
    "args": {
        "key2": "value2, value3", 
        "key1": "value1"
    }, 
    "url": "http://httpbin.org/get?key2=value2%2C+value3&key1=value1"
}
-D- api_response_history: []
-I- http get successful
-I- 
<< Substep status >>
-I-  STATUS:PASS
-D- Keyword 'perform_http_get' returned multiplevalues 
-D- Keyword 'perform_http_get' returneda status..
-D- Keyword 'perform_http_get' returned a dictionary.. will update data_repository
-I- 

-I- *** Keyword status ***
-I- KEYWORD:perform_http_get   STATUS:PASS
-I- step number: 2
-D- Status of the executed step  impacts TC result
-I- 

-I- Keyword duration= 0 hours: 00 min: 03 sec
-I- [2017-08-01 14:34:57] Keyword execution completed
-I- 

-I- 
********************* Keyword: perform_http_put *********************

-I- step number: 3
-I- Teststep Description: This step tests the PUT capability of REST
-I- [2017-08-01 14:34:57] Keyword execution starts
-I- Method call is <unbound method RestActions.perform_http_put> 
-I- getting values for mandatory arguments
-I- getting values for optional arguments
-I- executing with default values for optional argument 'files'
-I- executing with default values for optional argument 'stream'
-I- executing with default values for optional argument 'verify'
-I- executing with default values for optional argument 'json'
-I- executing with default values for optional argument 'headers'
-I- executing with default values for optional argument 'cert'
-I- executing with default values for optional argument 'timeout'
-I- executing with default values for optional argument 'request_id'
-I- executing with default values for optional argument 'variable_config'
-I- executing with default values for optional argument 'proxies'
-I- executing with default values for optional argument 'data'
-I- executing with default values for optional argument 'allow_redirects'
-I- executing with default values for optional argument 'var_sub'
-I- 
<< Substep >>
-I- Keyword Description: Perform a http put to the url
-I- http_bin_2
-I- url is: http://httpbin.org/put
-I- Sending argument 'files': None
-I- Sending argument 'cookies': {'cookie': 'cookie_name'}
-I- Sending argument 'stream': False
-I- Sending argument 'url': http://httpbin.org/put
-I- Sending argument 'verify': True
-I- Sending argument 'json': None
-I- Sending argument 'auth': ('Warrior_user1', '536ett')
-I- Sending argument 'headers': None
-I- Sending argument 'cert': None
-I- Sending argument 'expected_response': ['200']
-I- Sending argument 'timeout': None
-I- Sending argument 'allow_redirects': False
-I- Sending argument 'proxies': None
-I- Sending argument 'data': None
-I- Perform a http put
-I- http put successful
-I- Total number of requests in this step: 1
-I- This is request number: 1
-D- status: True
-D- api_response: <Response [200]>
-I- api_response (JSON format): 
 {
    "files": {}, 
    "origin": "204.253.82.211", 
    "form": {}, 
    "url": "http://httpbin.org/put", 
    "args": {}, 
    "headers": {
        "Content-Length": "0", 
        "Accept-Encoding": "gzip, deflate", 
        "Host": "httpbin.org", 
        "Accept": "*/*", 
        "User-Agent": "python-requests/2.18.2", 
        "Connection": "close", 
        "Cookie": "cookie=cookie_name", 
        "Authorization": "Basic V2Fycmlvcl91c2VyMTo1MzZldHQ="
    }, 
    "json": null, 
    "data": ""
}
-D- api_response_history: []
-I- http put successful
-I- 
<< Substep status >>
-I-  STATUS:PASS
-D- Keyword 'perform_http_put' returned multiplevalues 
-D- Keyword 'perform_http_put' returneda status..
-D- Keyword 'perform_http_put' returned a dictionary.. will update data_repository
-I- 

-I- *** Keyword status ***
-I- KEYWORD:perform_http_put   STATUS:PASS
-I- step number: 3
-D- Status of the executed step  impacts TC result
-I- 

-I- Keyword duration= 0 hours: 00 min: 06 sec
-I- [2017-08-01 14:35:03] Keyword execution completed
-I- 

-I- 
********************* Keyword: perform_http_delete *********************

-I- step number: 4
-I- Teststep Description: This step tests the DELETE capability of REST
-I- [2017-08-01 14:35:03] Keyword execution starts
-I- Method call is <unbound method RestActions.perform_http_delete> 
-I- getting values for mandatory arguments
-I- getting values for optional arguments
-I- executing with default values for optional argument 'files'
-I- executing with default values for optional argument 'stream'
-I- executing with default values for optional argument 'verify'
-I- executing with default values for optional argument 'json'
-I- executing with default values for optional argument 'headers'
-I- executing with default values for optional argument 'cert'
-I- executing with default values for optional argument 'request_id'
-I- executing with default values for optional argument 'variable_config'
-I- executing with default values for optional argument 'proxies'
-I- executing with default values for optional argument 'data'
-I- executing with default values for optional argument 'allow_redirects'
-I- executing with default values for optional argument 'var_sub'
-I- 
<< Substep >>
-I- Keyword Description: Perform a http delete to the url
-I- http_bin_2
-I- url is: http://httpbin.org/delete
-I- Sending argument 'files': None
-I- Sending argument 'cookies': {'cookie': 'cookie_name'}
-I- Sending argument 'stream': False
-I- Sending argument 'url': http://httpbin.org/delete
-I- Sending argument 'verify': True
-I- Sending argument 'json': None
-I- Sending argument 'auth': ('Warrior_user2', 'hjcs212')
-I- Sending argument 'headers': None
-I- Sending argument 'cert': None
-I- Sending argument 'expected_response': None
-I- Sending argument 'timeout': None
-I- Sending argument 'allow_redirects': False
-I- Sending argument 'proxies': None
-I- Sending argument 'data': None
-I- Perform a http delete
